
> frontend@0.1.0 dev
> next dev

▲ Next.js 16.1.1 (Turbopack)
- Local:         http://localhost:3000
- Network:       http://10.0.0.246:3000

✓ Starting...
✓ Ready in 865ms
⨯ ./app/page.tsx:190:97
Parsing ecmascript source code failed
[0m [90m 188 |[39m                                 [33m<[39m[33mdiv[39m className[33m=[39m[32m"text-amber-400 text-sm font-medium uppercase tracking-wider mb-2"[39m[33m>[39m[33mAnalyzed[39m [33mPayroll[39m[33m<[39m[33m/[39m[33mdiv[39m[33m>[39m
 [90m 189 |[39m                                 [33m<[39m[33mdiv[39m className[33m=[39m[32m"text-5xl font-mono font-bold text-white mb-2"[39m[33m>[39m${(adminTax [33m?[39m (adminTax[33m.[39mtotal_bureaucratic [33m+[39m adminTax[33m.[39mtotal_clinical) [33m/[39m [35m1000000000[39m [33m:[39m [35m6.5[39m)[33m.[39mtoFixed([35m2[39m)}[33mB[39m[33m<[39m[33m/[39m[33mdiv[39m[33m>[39m
[31m[1m>[22m[39m[90m 190 |[39m                                 [33m<[39m[33mp[39m className[33m=[39m[32m"text-neutral-500 text-sm"[39m[33m>[39m[33mTotal[39m value [36mof[39m salaries [33m>[39m$100k analyzed [36min[39m [36mthis[39m report[33m.[39m[33m<[39m[33m/[39m[33mp[39m[33m>[39m
 [90m     |[39m                                                                                                 [31m[1m^[22m[39m
 [90m 191 |[39m                             [33m<[39m[33m/[39m[33mdiv[39m[33m>[39m
 [90m 192 |[39m                         [33m<[39m[33m/[39m[33mdiv[39m[33m>[39m
 [90m 193 |[39m[0m

Unexpected token. Did you mean `{'>'}` or `&gt;`?


 GET / 500 in 1152ms (compile: 1076ms, render: 76ms)
✓ Compiled in 360ms
The width(-1) and height(-1) of chart should be greater than 0,
       please check the style of container, or the props width(100%) and height(100%),
       or add a minWidth(0) or minHeight(undefined) or use aspect(undefined) to control the
       height and width.
 GET / 200 in 525ms (compile: 372ms, render: 153ms)
The width(-1) and height(-1) of chart should be greater than 0,
       please check the style of container, or the props width(100%) and height(100%),
       or add a minWidth(0) or minHeight(undefined) or use aspect(undefined) to control the
       height and width.
 GET / 200 in 38ms (compile: 8ms, render: 30ms)
 GET / 200 in 101ms (compile: 59ms, render: 43ms)
 GET / 200 in 26ms (compile: 1734µs, render: 24ms)
✓ Compiled in 99ms
✓ Compiled in 159ms
✓ Compiled in 76ms
✓ Compiled in 29ms
⚠ Fast Refresh had to perform a full reload due to a runtime error.
✓ Compiled in 47ms
The width(-1) and height(-1) of chart should be greater than 0,
       please check the style of container, or the props width(100%) and height(100%),
       or add a minWidth(0) or minHeight(undefined) or use aspect(undefined) to control the
       height and width.
 GET / 200 in 312ms (compile: 141ms, render: 171ms)
✓ Compiled in 58ms
The width(-1) and height(-1) of chart should be greater than 0,
       please check the style of container, or the props width(100%) and height(100%),
       or add a minWidth(0) or minHeight(undefined) or use aspect(undefined) to control the
       height and width.
 GET / 200 in 171ms (compile: 73ms, render: 97ms)
⚠ Fast Refresh had to perform a full reload due to a runtime error.
✓ Compiled in 83ms
The width(-1) and height(-1) of chart should be greater than 0,
       please check the style of container, or the props width(100%) and height(100%),
       or add a minWidth(0) or minHeight(undefined) or use aspect(undefined) to control the
       height and width.
 GET / 200 in 212ms (compile: 47ms, render: 164ms)
✓ Compiled in 49ms
✓ Compiled in 70ms
✓ Compiled in 51ms
The width(-1) and height(-1) of chart should be greater than 0,
       please check the style of container, or the props width(100%) and height(100%),
       or add a minWidth(0) or minHeight(undefined) or use aspect(undefined) to control the
       height and width.
 GET / 200 in 154ms (compile: 45ms, render: 109ms)
The width(-1) and height(-1) of chart should be greater than 0,
       please check the style of container, or the props width(100%) and height(100%),
       or add a minWidth(0) or minHeight(undefined) or use aspect(undefined) to control the
       height and width.
 GET / 200 in 100ms (compile: 32ms, render: 68ms)
The width(-1) and height(-1) of chart should be greater than 0,
       please check the style of container, or the props width(100%) and height(100%),
       or add a minWidth(0) or minHeight(undefined) or use aspect(undefined) to control the
       height and width.
 GET / 200 in 43ms (compile: 10ms, render: 33ms)
The width(-1) and height(-1) of chart should be greater than 0,
       please check the style of container, or the props width(100%) and height(100%),
       or add a minWidth(0) or minHeight(undefined) or use aspect(undefined) to control the
       height and width.
 GET / 200 in 174ms (compile: 61ms, render: 113ms)
The width(-1) and height(-1) of chart should be greater than 0,
       please check the style of container, or the props width(100%) and height(100%),
       or add a minWidth(0) or minHeight(undefined) or use aspect(undefined) to control the
       height and width.
 GET / 200 in 39ms (compile: 6ms, render: 33ms)
The width(-1) and height(-1) of chart should be greater than 0,
       please check the style of container, or the props width(100%) and height(100%),
       or add a minWidth(0) or minHeight(undefined) or use aspect(undefined) to control the
       height and width.
 GET / 200 in 98ms (compile: 34ms, render: 64ms)
The width(-1) and height(-1) of chart should be greater than 0,
       please check the style of container, or the props width(100%) and height(100%),
       or add a minWidth(0) or minHeight(undefined) or use aspect(undefined) to control the
       height and width.
 GET / 200 in 99ms (compile: 32ms, render: 67ms)
The width(-1) and height(-1) of chart should be greater than 0,
       please check the style of container, or the props width(100%) and height(100%),
       or add a minWidth(0) or minHeight(undefined) or use aspect(undefined) to control the
       height and width.
 GET / 200 in 94ms (compile: 26ms, render: 68ms)
The width(-1) and height(-1) of chart should be greater than 0,
       please check the style of container, or the props width(100%) and height(100%),
       or add a minWidth(0) or minHeight(undefined) or use aspect(undefined) to control the
       height and width.
 GET / 200 in 138ms (compile: 47ms, render: 91ms)
The width(-1) and height(-1) of chart should be greater than 0,
       please check the style of container, or the props width(100%) and height(100%),
       or add a minWidth(0) or minHeight(undefined) or use aspect(undefined) to control the
       height and width.
 GET / 200 in 53ms (compile: 8ms, render: 46ms)
The width(-1) and height(-1) of chart should be greater than 0,
       please check the style of container, or the props width(100%) and height(100%),
       or add a minWidth(0) or minHeight(undefined) or use aspect(undefined) to control the
       height and width.
 GET / 200 in 30ms (compile: 5ms, render: 25ms)
The width(-1) and height(-1) of chart should be greater than 0,
       please check the style of container, or the props width(100%) and height(100%),
       or add a minWidth(0) or minHeight(undefined) or use aspect(undefined) to control the
       height and width.
 GET / 200 in 29ms (compile: 6ms, render: 23ms)
The width(-1) and height(-1) of chart should be greater than 0,
       please check the style of container, or the props width(100%) and height(100%),
       or add a minWidth(0) or minHeight(undefined) or use aspect(undefined) to control the
       height and width.
 GET / 200 in 32ms (compile: 7ms, render: 25ms)
The width(-1) and height(-1) of chart should be greater than 0,
       please check the style of container, or the props width(100%) and height(100%),
       or add a minWidth(0) or minHeight(undefined) or use aspect(undefined) to control the
       height and width.
 GET / 200 in 66ms (compile: 14ms, render: 52ms)
The width(-1) and height(-1) of chart should be greater than 0,
       please check the style of container, or the props width(100%) and height(100%),
       or add a minWidth(0) or minHeight(undefined) or use aspect(undefined) to control the
       height and width.
 GET / 200 in 37ms (compile: 9ms, render: 29ms)
✓ Compiled in 212ms
The width(-1) and height(-1) of chart should be greater than 0,
       please check the style of container, or the props width(100%) and height(100%),
       or add a minWidth(0) or minHeight(undefined) or use aspect(undefined) to control the
       height and width.
 GET / 200 in 230ms (compile: 65ms, render: 166ms)
The width(-1) and height(-1) of chart should be greater than 0,
       please check the style of container, or the props width(100%) and height(100%),
       or add a minWidth(0) or minHeight(undefined) or use aspect(undefined) to control the
       height and width.
 GET / 200 in 41ms (compile: 7ms, render: 34ms)
✓ Compiled in 105ms
The width(-1) and height(-1) of chart should be greater than 0,
       please check the style of container, or the props width(100%) and height(100%),
       or add a minWidth(0) or minHeight(undefined) or use aspect(undefined) to control the
       height and width.
 GET / 200 in 175ms (compile: 75ms, render: 100ms)
The width(-1) and height(-1) of chart should be greater than 0,
       please check the style of container, or the props width(100%) and height(100%),
       or add a minWidth(0) or minHeight(undefined) or use aspect(undefined) to control the
       height and width.
 GET / 200 in 80ms (compile: 19ms, render: 61ms)
The width(-1) and height(-1) of chart should be greater than 0,
       please check the style of container, or the props width(100%) and height(100%),
       or add a minWidth(0) or minHeight(undefined) or use aspect(undefined) to control the
       height and width.
 GET / 200 in 36ms (compile: 5ms, render: 31ms)
✓ Compiled in 129ms
✓ Compiled in 76ms
✓ Compiled in 40ms
The width(-1) and height(-1) of chart should be greater than 0,
       please check the style of container, or the props width(100%) and height(100%),
       or add a minWidth(0) or minHeight(undefined) or use aspect(undefined) to control the
       height and width.
 GET / 200 in 215ms (compile: 79ms, render: 135ms)
The width(-1) and height(-1) of chart should be greater than 0,
       please check the style of container, or the props width(100%) and height(100%),
       or add a minWidth(0) or minHeight(undefined) or use aspect(undefined) to control the
       height and width.
 GET / 200 in 201ms (compile: 57ms, render: 145ms)
The width(-1) and height(-1) of chart should be greater than 0,
       please check the style of container, or the props width(100%) and height(100%),
       or add a minWidth(0) or minHeight(undefined) or use aspect(undefined) to control the
       height and width.
 GET / 200 in 107ms (compile: 36ms, render: 72ms)
✓ Compiled in 534ms
✓ Compiled in 562ms
 GET / 200 in 537ms (compile: 225ms, render: 311ms)
 GET / 200 in 146ms (compile: 5ms, render: 141ms)
The width(-1) and height(-1) of chart should be greater than 0,
       please check the style of container, or the props width(100%) and height(100%),
       or add a minWidth(0) or minHeight(undefined) or use aspect(undefined) to control the
       height and width.
 GET / 200 in 144ms (compile: 5ms, render: 139ms)
The width(-1) and height(-1) of chart should be greater than 0,
       please check the style of container, or the props width(100%) and height(100%),
       or add a minWidth(0) or minHeight(undefined) or use aspect(undefined) to control the
       height and width.
 GET / 200 in 87ms (compile: 21ms, render: 66ms)
✓ Compiled in 155ms
✓ Compiled in 68ms
The width(-1) and height(-1) of chart should be greater than 0,
       please check the style of container, or the props width(100%) and height(100%),
       or add a minWidth(0) or minHeight(undefined) or use aspect(undefined) to control the
       height and width.
 GET / 200 in 328ms (compile: 112ms, render: 216ms)
✓ Compiled in 124ms
The width(-1) and height(-1) of chart should be greater than 0,
       please check the style of container, or the props width(100%) and height(100%),
       or add a minWidth(0) or minHeight(undefined) or use aspect(undefined) to control the
       height and width.
 GET / 200 in 243ms (compile: 82ms, render: 162ms)
The width(-1) and height(-1) of chart should be greater than 0,
       please check the style of container, or the props width(100%) and height(100%),
       or add a minWidth(0) or minHeight(undefined) or use aspect(undefined) to control the
       height and width.
 GET / 200 in 83ms (compile: 18ms, render: 65ms)
✓ Compiled in 131ms
✓ Compiled in 67ms
The width(-1) and height(-1) of chart should be greater than 0,
       please check the style of container, or the props width(100%) and height(100%),
       or add a minWidth(0) or minHeight(undefined) or use aspect(undefined) to control the
       height and width.
 GET / 200 in 206ms (compile: 75ms, render: 131ms)
✓ Compiled in 154ms
✓ Compiled in 178ms
✓ Compiled in 121ms
 GET / 200 in 873ms (compile: 652ms, render: 221ms)
 GET / 200 in 108ms (compile: 43ms, render: 65ms)
 GET / 200 in 34ms (compile: 6ms, render: 27ms)
The width(-1) and height(-1) of chart should be greater than 0,
       please check the style of container, or the props width(100%) and height(100%),
       or add a minWidth(0) or minHeight(undefined) or use aspect(undefined) to control the
       height and width.
 GET / 200 in 157ms (compile: 8ms, render: 150ms)
✓ Compiled in 455ms
✓ Compiled in 126ms
⚠ Fast Refresh had to perform a full reload due to a runtime error.
⚠ Fast Refresh had to perform a full reload due to a runtime error.
⚠ Fast Refresh had to perform a full reload due to a runtime error.
⚠ Fast Refresh had to perform a full reload due to a runtime error.
⨯ ReferenceError: Globe is not defined
    at Dashboard (app/page.tsx:205:38)
  203 |                             <div className="bg-neutral-900/50 border border-white/5 p-8 rounded-3xl backdrop-blur-sm group transition-all hover:bg-neutral-900/80">
  204 |                                 <div className="text-neutral-500 text-xs uppercase tracking-widest mb-2 flex items-center gap-2">
> 205 |                                     <Globe className="w-3 h-3" />
      |                                      ^
  206 |                                     Total Health Budget
  207 |                                 </div>
  208 |                                 <div className="text-4xl font-bold text-white mb-2"> {
  digest: '4160472876'
}
⨯ ReferenceError: Globe is not defined
    at Dashboard (app/page.tsx:205:38)
  203 |                             <div className="bg-neutral-900/50 border border-white/5 p-8 rounded-3xl backdrop-blur-sm group transition-all hover:bg-neutral-900/80">
  204 |                                 <div className="text-neutral-500 text-xs uppercase tracking-widest mb-2 flex items-center gap-2">
> 205 |                                     <Globe className="w-3 h-3" />
      |                                      ^
  206 |                                     Total Health Budget
  207 |                                 </div>
  208 |                                 <div className="text-4xl font-bold text-white mb-2"> {
  digest: '4160472876'
}
 GET / 500 in 801ms (compile: 362ms, render: 440ms)
⨯ ReferenceError: Globe is not defined
    at Dashboard (app/page.tsx:205:38)
  203 |                             <div className="bg-neutral-900/50 border border-white/5 p-8 rounded-3xl backdrop-blur-sm group transition-all hover:bg-neutral-900/80">
  204 |                                 <div className="text-neutral-500 text-xs uppercase tracking-widest mb-2 flex items-center gap-2">
> 205 |                                     <Globe className="w-3 h-3" />
      |                                      ^
  206 |                                     Total Health Budget
  207 |                                 </div>
  208 |                                 <div className="text-4xl font-bold text-white mb-2"> {
  digest: '4160472876'
}
⨯ ReferenceError: Globe is not defined
    at Dashboard (app/page.tsx:205:38)
  203 |                             <div className="bg-neutral-900/50 border border-white/5 p-8 rounded-3xl backdrop-blur-sm group transition-all hover:bg-neutral-900/80">
  204 |                                 <div className="text-neutral-500 text-xs uppercase tracking-widest mb-2 flex items-center gap-2">
> 205 |                                     <Globe className="w-3 h-3" />
      |                                      ^
  206 |                                     Total Health Budget
  207 |                                 </div>
  208 |                                 <div className="text-4xl font-bold text-white mb-2"> {
  digest: '4160472876'
}
 GET / 500 in 158ms (compile: 5ms, render: 153ms)
 GET / 500 in 78ms (compile: 6ms, render: 72ms)
 GET / 500 in 53ms (compile: 1475µs, render: 51ms)
✓ Compiled in 204ms
⚠ Fast Refresh had to perform a full reload due to a runtime error.
⚠ Fast Refresh had to perform a full reload due to a runtime error.
⚠ Fast Refresh had to perform a full reload due to a runtime error.
⚠ Fast Refresh had to perform a full reload due to a runtime error.
The width(-1) and height(-1) of chart should be greater than 0,
       please check the style of container, or the props width(100%) and height(100%),
       or add a minWidth(0) or minHeight(undefined) or use aspect(undefined) to control the
       height and width.
The width(-1) and height(-1) of chart should be greater than 0,
       please check the style of container, or the props width(100%) and height(100%),
       or add a minWidth(0) or minHeight(undefined) or use aspect(undefined) to control the
       height and width.
 GET / 200 in 473ms (compile: 272ms, render: 201ms)
The width(-1) and height(-1) of chart should be greater than 0,
       please check the style of container, or the props width(100%) and height(100%),
       or add a minWidth(0) or minHeight(undefined) or use aspect(undefined) to control the
       height and width.
 GET / 200 in 92ms (compile: 4ms, render: 88ms)
The width(-1) and height(-1) of chart should be greater than 0,
       please check the style of container, or the props width(100%) and height(100%),
       or add a minWidth(0) or minHeight(undefined) or use aspect(undefined) to control the
       height and width.
 GET / 200 in 147ms (compile: 4ms, render: 144ms)
 GET / 200 in 123ms (compile: 9ms, render: 114ms)
The width(-1) and height(-1) of chart should be greater than 0,
       please check the style of container, or the props width(100%) and height(100%),
       or add a minWidth(0) or minHeight(undefined) or use aspect(undefined) to control the
       height and width.
 GET / 200 in 67ms (compile: 5ms, render: 62ms)
The width(-1) and height(-1) of chart should be greater than 0,
       please check the style of container, or the props width(100%) and height(100%),
       or add a minWidth(0) or minHeight(undefined) or use aspect(undefined) to control the
       height and width.
 GET / 200 in 169ms (compile: 59ms, render: 110ms)
The width(-1) and height(-1) of chart should be greater than 0,
       please check the style of container, or the props width(100%) and height(100%),
       or add a minWidth(0) or minHeight(undefined) or use aspect(undefined) to control the
       height and width.
 GET / 200 in 339ms (compile: 106ms, render: 233ms)
✓ Compiled in 154ms
The width(-1) and height(-1) of chart should be greater than 0,
       please check the style of container, or the props width(100%) and height(100%),
       or add a minWidth(0) or minHeight(undefined) or use aspect(undefined) to control the
       height and width.
 GET / 200 in 194ms (compile: 59ms, render: 135ms)
The width(-1) and height(-1) of chart should be greater than 0,
       please check the style of container, or the props width(100%) and height(100%),
       or add a minWidth(0) or minHeight(undefined) or use aspect(undefined) to control the
       height and width.
 GET / 200 in 163ms (compile: 40ms, render: 124ms)
✓ Compiled in 284ms
The width(-1) and height(-1) of chart should be greater than 0,
       please check the style of container, or the props width(100%) and height(100%),
       or add a minWidth(0) or minHeight(undefined) or use aspect(undefined) to control the
       height and width.
 GET / 200 in 427ms (compile: 175ms, render: 252ms)
✓ Compiled in 138ms
✓ Compiled in 74ms
✓ Compiled in 51ms
The width(-1) and height(-1) of chart should be greater than 0,
       please check the style of container, or the props width(100%) and height(100%),
       or add a minWidth(0) or minHeight(undefined) or use aspect(undefined) to control the
       height and width.
 GET / 200 in 334ms (compile: 92ms, render: 242ms)
The width(-1) and height(-1) of chart should be greater than 0,
       please check the style of container, or the props width(100%) and height(100%),
       or add a minWidth(0) or minHeight(undefined) or use aspect(undefined) to control the
       height and width.
 GET / 200 in 56ms (compile: 14ms, render: 42ms)
✓ Compiled in 132ms
✓ Compiled in 46ms
