
> frontend@0.1.0 dev
> next dev

▲ Next.js 16.1.1 (Turbopack)
- Local:         http://localhost:3000
- Network:       http://10.0.0.246:3000

✓ Starting...
✓ Ready in 542ms
⚠ Cross origin request detected from 127.0.0.1 to /_next/* resource. In a future major version of Next.js, you will need to explicitly configure "allowedDevOrigins" in next.config to allow this.
Read more: https://nextjs.org/docs/app/api-reference/config/next-config-js/allowedDevOrigins
The width(-1) and height(-1) of chart should be greater than 0,
       please check the style of container, or the props width(100%) and height(100%),
       or add a minWidth(0) or minHeight(undefined) or use aspect(undefined) to control the
       height and width.
 GET / 200 in 1927ms (compile: 1811ms, render: 116ms)
✓ Compiled in 82ms
The width(-1) and height(-1) of chart should be greater than 0,
       please check the style of container, or the props width(100%) and height(100%),
       or add a minWidth(0) or minHeight(undefined) or use aspect(undefined) to control the
       height and width.
 GET / 200 in 184ms (compile: 73ms, render: 111ms)
The width(-1) and height(-1) of chart should be greater than 0,
       please check the style of container, or the props width(100%) and height(100%),
       or add a minWidth(0) or minHeight(undefined) or use aspect(undefined) to control the
       height and width.
 GET / 200 in 74ms (compile: 13ms, render: 60ms)
✓ Compiled in 62ms
The width(-1) and height(-1) of chart should be greater than 0,
       please check the style of container, or the props width(100%) and height(100%),
       or add a minWidth(0) or minHeight(undefined) or use aspect(undefined) to control the
       height and width.
 GET / 200 in 189ms (compile: 85ms, render: 104ms)
✓ Compiled in 172ms
The width(-1) and height(-1) of chart should be greater than 0,
       please check the style of container, or the props width(100%) and height(100%),
       or add a minWidth(0) or minHeight(undefined) or use aspect(undefined) to control the
       height and width.
 GET / 200 in 195ms (compile: 87ms, render: 108ms)
✓ Compiled in 112ms
[?25h
