
> frontend@0.1.0 dev
> next dev

▲ Next.js 16.1.1 (Turbopack)
- Local:         http://localhost:3000
- Network:       http://10.0.0.246:3000

✓ Starting...
✓ Ready in 655ms
⚠ Cross origin request detected from 127.0.0.1 to /_next/* resource. In a future major version of Next.js, you will need to explicitly configure "allowedDevOrigins" in next.config to allow this.
Read more: https://nextjs.org/docs/app/api-reference/config/next-config-js/allowedDevOrigins
⨯ ReferenceError: LinkRenderer is not defined
    at Dashboard (app/page.tsx:344:39)
  342 |                                 data={sankeyData}
  343 |                                 node={renderCustomSankeyNode}
> 344 |                                 link={LinkRenderer}
      |                                       ^
  345 |                                 sort={false}
  346 |                                 nodePadding={20}
  347 |                                 margin={{ left: 20, right: 200, top: 20, bottom: 20 }} {
  digest: '2481646041'
}
 GET / 500 in 860ms (compile: 706ms, render: 154ms)
⚠ Fast Refresh had to perform a full reload due to a runtime error.
✓ Compiled in 80ms
The width(-1) and height(-1) of chart should be greater than 0,
       please check the style of container, or the props width(100%) and height(100%),
       or add a minWidth(0) or minHeight(undefined) or use aspect(undefined) to control the
       height and width.
 GET / 200 in 172ms (compile: 63ms, render: 109ms)
