INFO:     Started server process [78099]
INFO:     Waiting for application startup.
INFO:     Application startup complete.
INFO:     Uvicorn running on http://0.0.0.0:8000 (Press CTRL+C to quit)
2026-01-06 22:05:27,983 INFO sqlalchemy.engine.Engine BEGIN (implicit)
2026-01-06 22:05:27,986 INFO sqlalchemy.engine.Engine SELECT sum(salaries.salary_paid) AS sum_1 
FROM salaries 
WHERE salaries.role_category = ?
2026-01-06 22:05:27,986 INFO sqlalchemy.engine.Engine [generated in 0.00013s] ('Clinical',)
2026-01-06 22:05:27,987 INFO sqlalchemy.engine.Engine BEGIN (implicit)
2026-01-06 22:05:27,987 INFO sqlalchemy.engine.Engine SELECT wait_times.id, wait_times.date_recorded, wait_times.procedure_type, wait_times.hospital_name, wait_times.median_wait_days, wait_times.province 
FROM wait_times
2026-01-06 22:05:27,987 INFO sqlalchemy.engine.Engine [generated in 0.00006s] ()
2026-01-06 22:05:27,988 INFO sqlalchemy.engine.Engine ROLLBACK
INFO:     127.0.0.1:54303 - "GET /api/waitlist-impact HTTP/1.1" 200 OK
2026-01-06 22:05:28,127 INFO sqlalchemy.engine.Engine SELECT sum(salaries.salary_paid) AS sum_1 
FROM salaries 
WHERE salaries.role_category = ?
2026-01-06 22:05:28,128 INFO sqlalchemy.engine.Engine [cached since 0.1413s ago] ('Bureaucracy',)
2026-01-06 22:05:28,149 INFO sqlalchemy.engine.Engine ROLLBACK
INFO:     127.0.0.1:54302 - "GET /api/admin-tax HTTP/1.1" 200 OK
2026-01-06 22:05:37,866 INFO sqlalchemy.engine.Engine BEGIN (implicit)
2026-01-06 22:05:37,866 INFO sqlalchemy.engine.Engine SELECT sum(salaries.salary_paid) AS sum_1 
FROM salaries 
WHERE salaries.role_category = ?
2026-01-06 22:05:37,866 INFO sqlalchemy.engine.Engine [cached since 9.88s ago] ('Clinical',)
2026-01-06 22:05:37,946 INFO sqlalchemy.engine.Engine SELECT sum(salaries.salary_paid) AS sum_1 
FROM salaries 
WHERE salaries.role_category = ?
2026-01-06 22:05:37,946 INFO sqlalchemy.engine.Engine [cached since 9.96s ago] ('Bureaucracy',)
2026-01-06 22:05:37,977 INFO sqlalchemy.engine.Engine ROLLBACK
INFO:     127.0.0.1:54307 - "GET /api/admin-tax HTTP/1.1" 200 OK
2026-01-06 22:06:34,164 INFO sqlalchemy.engine.Engine BEGIN (implicit)
2026-01-06 22:06:34,165 INFO sqlalchemy.engine.Engine SELECT wait_times.id, wait_times.date_recorded, wait_times.procedure_type, wait_times.hospital_name, wait_times.median_wait_days, wait_times.province 
FROM wait_times
2026-01-06 22:06:34,165 INFO sqlalchemy.engine.Engine [cached since 66.18s ago] ()
2026-01-06 22:06:34,166 INFO sqlalchemy.engine.Engine ROLLBACK
INFO:     127.0.0.1:54321 - "GET /api/waitlist-impact HTTP/1.1" 200 OK
2026-01-06 22:10:40,895 INFO sqlalchemy.engine.Engine BEGIN (implicit)
2026-01-06 22:10:40,896 INFO sqlalchemy.engine.Engine SELECT sum(salaries.salary_paid) AS sum_1 
FROM salaries 
WHERE salaries.role_category = ?
2026-01-06 22:10:40,896 INFO sqlalchemy.engine.Engine [cached since 312.9s ago] ('Clinical',)
2026-01-06 22:10:40,897 INFO sqlalchemy.engine.Engine BEGIN (implicit)
2026-01-06 22:10:40,897 INFO sqlalchemy.engine.Engine SELECT wait_times.id, wait_times.date_recorded, wait_times.procedure_type, wait_times.hospital_name, wait_times.median_wait_days, wait_times.province 
FROM wait_times
2026-01-06 22:10:40,897 INFO sqlalchemy.engine.Engine [cached since 312.9s ago] ()
2026-01-06 22:10:40,898 INFO sqlalchemy.engine.Engine ROLLBACK
INFO:     127.0.0.1:54382 - "GET /api/waitlist-impact HTTP/1.1" 200 OK
2026-01-06 22:10:40,978 INFO sqlalchemy.engine.Engine SELECT sum(salaries.salary_paid) AS sum_1 
FROM salaries 
WHERE salaries.role_category = ?
2026-01-06 22:10:40,978 INFO sqlalchemy.engine.Engine [cached since 313s ago] ('Bureaucracy',)
2026-01-06 22:10:40,999 INFO sqlalchemy.engine.Engine ROLLBACK
INFO:     127.0.0.1:54380 - "GET /api/admin-tax HTTP/1.1" 200 OK
2026-01-06 22:13:26,193 INFO sqlalchemy.engine.Engine BEGIN (implicit)
2026-01-06 22:13:26,194 INFO sqlalchemy.engine.Engine SELECT sum(salaries.salary_paid) AS sum_1 
FROM salaries 
WHERE salaries.role_category = ?
2026-01-06 22:13:26,195 INFO sqlalchemy.engine.Engine [cached since 478.2s ago] ('Clinical',)
2026-01-06 22:13:26,195 INFO sqlalchemy.engine.Engine BEGIN (implicit)
2026-01-06 22:13:26,196 INFO sqlalchemy.engine.Engine SELECT wait_times.id, wait_times.date_recorded, wait_times.procedure_type, wait_times.hospital_name, wait_times.median_wait_days, wait_times.province 
FROM wait_times
2026-01-06 22:13:26,196 INFO sqlalchemy.engine.Engine [cached since 478.2s ago] ()
2026-01-06 22:13:26,199 INFO sqlalchemy.engine.Engine ROLLBACK
INFO:     127.0.0.1:54452 - "GET /api/waitlist-impact HTTP/1.1" 200 OK
2026-01-06 22:13:26,355 INFO sqlalchemy.engine.Engine SELECT sum(salaries.salary_paid) AS sum_1 
FROM salaries 
WHERE salaries.role_category = ?
2026-01-06 22:13:26,355 INFO sqlalchemy.engine.Engine [cached since 478.4s ago] ('Bureaucracy',)
2026-01-06 22:13:26,377 INFO sqlalchemy.engine.Engine ROLLBACK
INFO:     127.0.0.1:54451 - "GET /api/admin-tax HTTP/1.1" 200 OK
2026-01-06 22:13:30,079 INFO sqlalchemy.engine.Engine BEGIN (implicit)
2026-01-06 22:13:30,080 INFO sqlalchemy.engine.Engine SELECT sum(salaries.salary_paid) AS sum_1 
FROM salaries 
WHERE salaries.role_category = ?
2026-01-06 22:13:30,080 INFO sqlalchemy.engine.Engine [cached since 482.1s ago] ('Clinical',)
2026-01-06 22:13:30,080 INFO sqlalchemy.engine.Engine BEGIN (implicit)
2026-01-06 22:13:30,081 INFO sqlalchemy.engine.Engine SELECT wait_times.id, wait_times.date_recorded, wait_times.procedure_type, wait_times.hospital_name, wait_times.median_wait_days, wait_times.province 
FROM wait_times
2026-01-06 22:13:30,081 INFO sqlalchemy.engine.Engine [cached since 482.1s ago] ()
2026-01-06 22:13:30,081 INFO sqlalchemy.engine.Engine ROLLBACK
INFO:     127.0.0.1:54474 - "GET /api/waitlist-impact HTTP/1.1" 200 OK
2026-01-06 22:13:30,163 INFO sqlalchemy.engine.Engine SELECT sum(salaries.salary_paid) AS sum_1 
FROM salaries 
WHERE salaries.role_category = ?
2026-01-06 22:13:30,163 INFO sqlalchemy.engine.Engine [cached since 482.2s ago] ('Bureaucracy',)
2026-01-06 22:13:30,185 INFO sqlalchemy.engine.Engine ROLLBACK
INFO:     127.0.0.1:54473 - "GET /api/admin-tax HTTP/1.1" 200 OK
2026-01-06 22:15:35,009 INFO sqlalchemy.engine.Engine BEGIN (implicit)
2026-01-06 22:15:35,009 INFO sqlalchemy.engine.Engine SELECT sum(salaries.salary_paid) AS sum_1 
FROM salaries 
WHERE salaries.role_category = ?
2026-01-06 22:15:35,010 INFO sqlalchemy.engine.Engine [cached since 607s ago] ('Clinical',)
2026-01-06 22:15:35,010 INFO sqlalchemy.engine.Engine BEGIN (implicit)
2026-01-06 22:15:35,010 INFO sqlalchemy.engine.Engine SELECT wait_times.id, wait_times.date_recorded, wait_times.procedure_type, wait_times.hospital_name, wait_times.median_wait_days, wait_times.province 
FROM wait_times
2026-01-06 22:15:35,010 INFO sqlalchemy.engine.Engine [cached since 607s ago] ()
2026-01-06 22:15:35,011 INFO sqlalchemy.engine.Engine ROLLBACK
INFO:     127.0.0.1:54515 - "GET /api/waitlist-impact HTTP/1.1" 200 OK
2026-01-06 22:15:35,103 INFO sqlalchemy.engine.Engine SELECT sum(salaries.salary_paid) AS sum_1 
FROM salaries 
WHERE salaries.role_category = ?
2026-01-06 22:15:35,104 INFO sqlalchemy.engine.Engine [cached since 607.1s ago] ('Bureaucracy',)
2026-01-06 22:15:35,125 INFO sqlalchemy.engine.Engine ROLLBACK
INFO:     127.0.0.1:54513 - "GET /api/admin-tax HTTP/1.1" 200 OK
2026-01-06 22:16:37,844 INFO sqlalchemy.engine.Engine BEGIN (implicit)
2026-01-06 22:16:37,844 INFO sqlalchemy.engine.Engine SELECT sum(salaries.salary_paid) AS sum_1 
FROM salaries 
WHERE salaries.role_category = ?
2026-01-06 22:16:37,844 INFO sqlalchemy.engine.Engine [cached since 669.9s ago] ('Clinical',)
2026-01-06 22:16:37,935 INFO sqlalchemy.engine.Engine SELECT sum(salaries.salary_paid) AS sum_1 
FROM salaries 
WHERE salaries.role_category = ?
2026-01-06 22:16:37,935 INFO sqlalchemy.engine.Engine [cached since 670s ago] ('Bureaucracy',)
2026-01-06 22:16:37,963 INFO sqlalchemy.engine.Engine ROLLBACK
INFO:     127.0.0.1:54531 - "GET /api/admin-tax HTTP/1.1" 200 OK
2026-01-06 22:16:43,096 INFO sqlalchemy.engine.Engine BEGIN (implicit)
2026-01-06 22:16:43,096 INFO sqlalchemy.engine.Engine SELECT sum(salaries.salary_paid) AS sum_1 
FROM salaries 
WHERE salaries.role_category = ?
2026-01-06 22:16:43,097 INFO sqlalchemy.engine.Engine [cached since 675.1s ago] ('Clinical',)
2026-01-06 22:16:43,182 INFO sqlalchemy.engine.Engine SELECT sum(salaries.salary_paid) AS sum_1 
FROM salaries 
WHERE salaries.role_category = ?
2026-01-06 22:16:43,182 INFO sqlalchemy.engine.Engine [cached since 675.2s ago] ('Bureaucracy',)
2026-01-06 22:16:43,203 INFO sqlalchemy.engine.Engine ROLLBACK
INFO:     127.0.0.1:54550 - "GET /api/admin-tax HTTP/1.1" 200 OK
2026-01-06 22:17:59,932 INFO sqlalchemy.engine.Engine BEGIN (implicit)
2026-01-06 22:17:59,940 INFO sqlalchemy.engine.Engine SELECT sum(salaries.salary_paid) AS sum_1 
FROM salaries 
WHERE salaries.role_category = ?
2026-01-06 22:17:59,940 INFO sqlalchemy.engine.Engine [cached since 752s ago] ('Clinical',)
2026-01-06 22:18:00,146 INFO sqlalchemy.engine.Engine SELECT sum(salaries.salary_paid) AS sum_1 
FROM salaries 
WHERE salaries.role_category = ?
2026-01-06 22:18:00,146 INFO sqlalchemy.engine.Engine [cached since 752.2s ago] ('Bureaucracy',)
2026-01-06 22:18:00,172 INFO sqlalchemy.engine.Engine ROLLBACK
INFO:     127.0.0.1:54573 - "GET /api/admin-tax HTTP/1.1" 200 OK
2026-01-06 22:18:00,307 INFO sqlalchemy.engine.Engine BEGIN (implicit)
2026-01-06 22:18:00,308 INFO sqlalchemy.engine.Engine SELECT sum(salaries.salary_paid) AS sum_1 
FROM salaries 
WHERE salaries.role_category = ?
2026-01-06 22:18:00,308 INFO sqlalchemy.engine.Engine [cached since 752.3s ago] ('Clinical',)
2026-01-06 22:18:00,337 INFO sqlalchemy.engine.Engine SELECT sum(salaries.salary_paid) AS sum_1 
FROM salaries 
WHERE salaries.role_category = ?
2026-01-06 22:18:00,337 INFO sqlalchemy.engine.Engine [cached since 752.4s ago] ('Bureaucracy',)
2026-01-06 22:18:00,360 INFO sqlalchemy.engine.Engine ROLLBACK
INFO:     127.0.0.1:54573 - "GET /api/admin-tax HTTP/1.1" 200 OK
2026-01-06 22:22:16,054 INFO sqlalchemy.engine.Engine BEGIN (implicit)
2026-01-06 22:22:16,055 INFO sqlalchemy.engine.Engine SELECT sum(salaries.salary_paid) AS sum_1 
FROM salaries 
WHERE salaries.role_category = ?
2026-01-06 22:22:16,055 INFO sqlalchemy.engine.Engine [cached since 1008s ago] ('Clinical',)
2026-01-06 22:22:16,196 INFO sqlalchemy.engine.Engine SELECT sum(salaries.salary_paid) AS sum_1 
FROM salaries 
WHERE salaries.role_category = ?
2026-01-06 22:22:16,196 INFO sqlalchemy.engine.Engine [cached since 1008s ago] ('Bureaucracy',)
2026-01-06 22:22:16,223 INFO sqlalchemy.engine.Engine ROLLBACK
INFO:     127.0.0.1:54631 - "GET /api/admin-tax HTTP/1.1" 200 OK
2026-01-06 22:22:23,271 INFO sqlalchemy.engine.Engine BEGIN (implicit)
2026-01-06 22:22:23,272 INFO sqlalchemy.engine.Engine SELECT sum(salaries.salary_paid) AS sum_1 
FROM salaries 
WHERE salaries.role_category = ?
2026-01-06 22:22:23,272 INFO sqlalchemy.engine.Engine [cached since 1015s ago] ('Clinical',)
2026-01-06 22:22:23,353 INFO sqlalchemy.engine.Engine SELECT sum(salaries.salary_paid) AS sum_1 
FROM salaries 
WHERE salaries.role_category = ?
2026-01-06 22:22:23,353 INFO sqlalchemy.engine.Engine [cached since 1015s ago] ('Bureaucracy',)
2026-01-06 22:22:23,375 INFO sqlalchemy.engine.Engine ROLLBACK
INFO:     127.0.0.1:54640 - "GET /api/admin-tax HTTP/1.1" 200 OK
2026-01-06 22:22:28,994 INFO sqlalchemy.engine.Engine BEGIN (implicit)
2026-01-06 22:22:28,995 INFO sqlalchemy.engine.Engine SELECT sum(salaries.salary_paid) AS sum_1 
FROM salaries 
WHERE salaries.role_category = ?
2026-01-06 22:22:28,995 INFO sqlalchemy.engine.Engine [cached since 1021s ago] ('Clinical',)
2026-01-06 22:22:29,074 INFO sqlalchemy.engine.Engine SELECT sum(salaries.salary_paid) AS sum_1 
FROM salaries 
WHERE salaries.role_category = ?
2026-01-06 22:22:29,074 INFO sqlalchemy.engine.Engine [cached since 1021s ago] ('Bureaucracy',)
2026-01-06 22:22:29,095 INFO sqlalchemy.engine.Engine ROLLBACK
INFO:     127.0.0.1:54649 - "GET /api/admin-tax HTTP/1.1" 200 OK
2026-01-06 22:23:02,396 INFO sqlalchemy.engine.Engine BEGIN (implicit)
2026-01-06 22:23:02,397 INFO sqlalchemy.engine.Engine SELECT sum(salaries.salary_paid) AS sum_1 
FROM salaries 
WHERE salaries.role_category = ?
2026-01-06 22:23:02,397 INFO sqlalchemy.engine.Engine [cached since 1054s ago] ('Clinical',)
2026-01-06 22:23:02,481 INFO sqlalchemy.engine.Engine SELECT sum(salaries.salary_paid) AS sum_1 
FROM salaries 
WHERE salaries.role_category = ?
2026-01-06 22:23:02,482 INFO sqlalchemy.engine.Engine [cached since 1055s ago] ('Bureaucracy',)
2026-01-06 22:23:02,504 INFO sqlalchemy.engine.Engine ROLLBACK
INFO:     127.0.0.1:54661 - "GET /api/admin-tax HTTP/1.1" 200 OK
2026-01-06 22:24:31,837 INFO sqlalchemy.engine.Engine BEGIN (implicit)
2026-01-06 22:24:31,838 INFO sqlalchemy.engine.Engine SELECT sum(salaries.salary_paid) AS sum_1 
FROM salaries 
WHERE salaries.role_category = ?
2026-01-06 22:24:31,838 INFO sqlalchemy.engine.Engine [cached since 1144s ago] ('Clinical',)
2026-01-06 22:24:31,983 INFO sqlalchemy.engine.Engine SELECT sum(salaries.salary_paid) AS sum_1 
FROM salaries 
WHERE salaries.role_category = ?
2026-01-06 22:24:31,983 INFO sqlalchemy.engine.Engine [cached since 1144s ago] ('Bureaucracy',)
2026-01-06 22:24:32,005 INFO sqlalchemy.engine.Engine ROLLBACK
INFO:     127.0.0.1:54708 - "GET /api/admin-tax HTTP/1.1" 200 OK
2026-01-06 22:24:36,855 INFO sqlalchemy.engine.Engine BEGIN (implicit)
2026-01-06 22:24:36,856 INFO sqlalchemy.engine.Engine SELECT sum(salaries.salary_paid) AS sum_1 
FROM salaries 
WHERE salaries.role_category = ?
2026-01-06 22:24:36,856 INFO sqlalchemy.engine.Engine [cached since 1149s ago] ('Clinical',)
2026-01-06 22:24:37,007 INFO sqlalchemy.engine.Engine SELECT sum(salaries.salary_paid) AS sum_1 
FROM salaries 
WHERE salaries.role_category = ?
2026-01-06 22:24:37,007 INFO sqlalchemy.engine.Engine [cached since 1149s ago] ('Bureaucracy',)
2026-01-06 22:24:37,037 INFO sqlalchemy.engine.Engine ROLLBACK
INFO:     127.0.0.1:54727 - "GET /api/admin-tax HTTP/1.1" 200 OK
2026-01-06 22:28:02,112 INFO sqlalchemy.engine.Engine BEGIN (implicit)
2026-01-06 22:28:02,113 INFO sqlalchemy.engine.Engine SELECT sum(salaries.salary_paid) AS sum_1 
FROM salaries 
WHERE salaries.role_category = ?
2026-01-06 22:28:02,113 INFO sqlalchemy.engine.Engine [cached since 1354s ago] ('Clinical',)
2026-01-06 22:28:02,264 INFO sqlalchemy.engine.Engine SELECT sum(salaries.salary_paid) AS sum_1 
FROM salaries 
WHERE salaries.role_category = ?
2026-01-06 22:28:02,264 INFO sqlalchemy.engine.Engine [cached since 1354s ago] ('Bureaucracy',)
2026-01-06 22:28:02,286 INFO sqlalchemy.engine.Engine ROLLBACK
INFO:     127.0.0.1:54790 - "GET /api/admin-tax HTTP/1.1" 200 OK
2026-01-06 22:28:07,758 INFO sqlalchemy.engine.Engine BEGIN (implicit)
2026-01-06 22:28:07,760 INFO sqlalchemy.engine.Engine SELECT sum(salaries.salary_paid) AS sum_1 
FROM salaries 
WHERE salaries.role_category = ?
2026-01-06 22:28:07,760 INFO sqlalchemy.engine.Engine [cached since 1360s ago] ('Clinical',)
2026-01-06 22:28:07,850 INFO sqlalchemy.engine.Engine SELECT sum(salaries.salary_paid) AS sum_1 
FROM salaries 
WHERE salaries.role_category = ?
2026-01-06 22:28:07,850 INFO sqlalchemy.engine.Engine [cached since 1360s ago] ('Bureaucracy',)
2026-01-06 22:28:07,871 INFO sqlalchemy.engine.Engine ROLLBACK
INFO:     127.0.0.1:54809 - "GET /api/admin-tax HTTP/1.1" 200 OK
2026-01-06 22:29:58,051 INFO sqlalchemy.engine.Engine BEGIN (implicit)
2026-01-06 22:29:58,052 INFO sqlalchemy.engine.Engine SELECT sum(salaries.salary_paid) AS sum_1 
FROM salaries 
WHERE salaries.role_category = ?
2026-01-06 22:29:58,052 INFO sqlalchemy.engine.Engine [cached since 1470s ago] ('Clinical',)
2026-01-06 22:29:58,200 INFO sqlalchemy.engine.Engine SELECT sum(salaries.salary_paid) AS sum_1 
FROM salaries 
WHERE salaries.role_category = ?
2026-01-06 22:29:58,200 INFO sqlalchemy.engine.Engine [cached since 1470s ago] ('Bureaucracy',)
2026-01-06 22:29:58,222 INFO sqlalchemy.engine.Engine ROLLBACK
INFO:     127.0.0.1:54852 - "GET /api/admin-tax HTTP/1.1" 200 OK
2026-01-06 22:32:05,364 INFO sqlalchemy.engine.Engine BEGIN (implicit)
2026-01-06 22:32:05,368 INFO sqlalchemy.engine.Engine SELECT sum(salaries.salary_paid) AS sum_1 
FROM salaries 
WHERE salaries.role_category = ?
2026-01-06 22:32:05,369 INFO sqlalchemy.engine.Engine [cached since 1597s ago] ('Clinical',)
2026-01-06 22:32:05,543 INFO sqlalchemy.engine.Engine SELECT sum(salaries.salary_paid) AS sum_1 
FROM salaries 
WHERE salaries.role_category = ?
2026-01-06 22:32:05,543 INFO sqlalchemy.engine.Engine [cached since 1598s ago] ('Bureaucracy',)
2026-01-06 22:32:05,564 INFO sqlalchemy.engine.Engine ROLLBACK
INFO:     127.0.0.1:54891 - "GET /api/admin-tax HTTP/1.1" 200 OK
2026-01-06 22:32:17,795 INFO sqlalchemy.engine.Engine BEGIN (implicit)
2026-01-06 22:32:17,796 INFO sqlalchemy.engine.Engine SELECT sum(salaries.salary_paid) AS sum_1 
FROM salaries 
WHERE salaries.role_category = ?
2026-01-06 22:32:17,796 INFO sqlalchemy.engine.Engine [cached since 1610s ago] ('Clinical',)
2026-01-06 22:32:17,885 INFO sqlalchemy.engine.Engine SELECT sum(salaries.salary_paid) AS sum_1 
FROM salaries 
WHERE salaries.role_category = ?
2026-01-06 22:32:17,885 INFO sqlalchemy.engine.Engine [cached since 1610s ago] ('Bureaucracy',)
2026-01-06 22:32:17,906 INFO sqlalchemy.engine.Engine ROLLBACK
INFO:     127.0.0.1:54904 - "GET /api/admin-tax HTTP/1.1" 200 OK
2026-01-06 22:34:20,101 INFO sqlalchemy.engine.Engine BEGIN (implicit)
2026-01-06 22:34:20,102 INFO sqlalchemy.engine.Engine SELECT sum(salaries.salary_paid) AS sum_1 
FROM salaries 
WHERE salaries.role_category = ?
2026-01-06 22:34:20,102 INFO sqlalchemy.engine.Engine [cached since 1732s ago] ('Clinical',)
2026-01-06 22:34:20,244 INFO sqlalchemy.engine.Engine SELECT sum(salaries.salary_paid) AS sum_1 
FROM salaries 
WHERE salaries.role_category = ?
2026-01-06 22:34:20,244 INFO sqlalchemy.engine.Engine [cached since 1732s ago] ('Bureaucracy',)
2026-01-06 22:34:20,272 INFO sqlalchemy.engine.Engine ROLLBACK
INFO:     127.0.0.1:54942 - "GET /api/admin-tax HTTP/1.1" 200 OK
