INFO:     Will watch for changes in these directories: ['/Users/kushalshah/Documents/DocX/HealthcareAccountabilityProject']
INFO:     Uvicorn running on http://0.0.0.0:8000 (Press CTRL+C to quit)
INFO:     Started reloader process [89366] using StatReload
Process SpawnProcess-1:
Traceback (most recent call last):
  File "/Library/Frameworks/Python.framework/Versions/3.13/lib/python3.13/multiprocessing/process.py", line 313, in _bootstrap
    self.run()
    ~~~~~~~~^^
  File "/Library/Frameworks/Python.framework/Versions/3.13/lib/python3.13/multiprocessing/process.py", line 108, in run
    self._target(*self._args, **self._kwargs)
    ~~~~~~~~~~~~^^^^^^^^^^^^^^^^^^^^^^^^^^^^^
  File "/Users/kushalshah/Documents/DocX/HealthcareAccountabilityProject/venv/lib/python3.13/site-packages/uvicorn/_subprocess.py", line 80, in subprocess_started
    target(sockets=sockets)
    ~~~~~~^^^^^^^^^^^^^^^^^
  File "/Users/kushalshah/Documents/DocX/HealthcareAccountabilityProject/venv/lib/python3.13/site-packages/uvicorn/server.py", line 67, in run
    return asyncio_run(self.serve(sockets=sockets), loop_factory=self.config.get_loop_factory())
  File "/Library/Frameworks/Python.framework/Versions/3.13/lib/python3.13/asyncio/runners.py", line 195, in run
    return runner.run(main)
           ~~~~~~~~~~^^^^^^
  File "/Library/Frameworks/Python.framework/Versions/3.13/lib/python3.13/asyncio/runners.py", line 118, in run
    return self._loop.run_until_complete(task)
           ~~~~~~~~~~~~~~~~~~~~~~~~~~~~~^^^^^^
  File "/Library/Frameworks/Python.framework/Versions/3.13/lib/python3.13/asyncio/base_events.py", line 725, in run_until_complete
    return future.result()
           ~~~~~~~~~~~~~^^
  File "/Users/kushalshah/Documents/DocX/HealthcareAccountabilityProject/venv/lib/python3.13/site-packages/uvicorn/server.py", line 71, in serve
    await self._serve(sockets)
  File "/Users/kushalshah/Documents/DocX/HealthcareAccountabilityProject/venv/lib/python3.13/site-packages/uvicorn/server.py", line 78, in _serve
    config.load()
    ~~~~~~~~~~~^^
  File "/Users/kushalshah/Documents/DocX/HealthcareAccountabilityProject/venv/lib/python3.13/site-packages/uvicorn/config.py", line 439, in load
    self.loaded_app = import_from_string(self.app)
                      ~~~~~~~~~~~~~~~~~~^^^^^^^^^^
  File "/Users/kushalshah/Documents/DocX/HealthcareAccountabilityProject/venv/lib/python3.13/site-packages/uvicorn/importer.py", line 19, in import_from_string
    module = importlib.import_module(module_str)
  File "/Library/Frameworks/Python.framework/Versions/3.13/lib/python3.13/importlib/__init__.py", line 88, in import_module
    return _bootstrap._gcd_import(name[level:], package, level)
           ~~~~~~~~~~~~~~~~~~~~~~^^^^^^^^^^^^^^^^^^^^^^^^^^^^^^
  File "<frozen importlib._bootstrap>", line 1387, in _gcd_import
  File "<frozen importlib._bootstrap>", line 1360, in _find_and_load
  File "<frozen importlib._bootstrap>", line 1331, in _find_and_load_unlocked
  File "<frozen importlib._bootstrap>", line 935, in _load_unlocked
  File "<frozen importlib._bootstrap_external>", line 1026, in exec_module
  File "<frozen importlib._bootstrap>", line 488, in _call_with_frames_removed
  File "/Users/kushalshah/Documents/DocX/HealthcareAccountabilityProject/analytics/main.py", line 3, in <module>
    from processing.analytics_logic import calculate_admin_tax, calculate_historical_admin_tax
  File "/Users/kushalshah/Documents/DocX/HealthcareAccountabilityProject/processing/analytics_logic.py", line 3, in <module>
    from ingestion.database import SalaryEntry, WaitTimeEntry, AsyncSessionLocal
ImportError: cannot import name 'SalaryEntry' from 'ingestion.database' (/Users/kushalshah/Documents/DocX/HealthcareAccountabilityProject/ingestion/database.py)
WARNING:  StatReload detected changes in 'processing/analytics_logic.py'. Reloading...
INFO:     Started server process [89446]
INFO:     Waiting for application startup.
INFO:     Application startup complete.
