/Users/kushalshah/Documents/DocX/HealthcareAccountabilityProject/venv/lib/python3.13/site-packages/urllib3/connectionpool.py:1097: InsecureRequestWarning: Unverified HTTPS request is being made to host 'data.ontario.ca'. Adding certificate verification is strongly advised. See: https://urllib3.readthedocs.io/en/latest/advanced-usage.html#tls-warnings
  warnings.warn(
/Users/kushalshah/Documents/DocX/HealthcareAccountabilityProject/venv/lib/python3.13/site-packages/urllib3/connectionpool.py:1097: InsecureRequestWarning: Unverified HTTPS request is being made to host 'data.ontario.ca'. Adding certificate verification is strongly advised. See: https://urllib3.readthedocs.io/en/latest/advanced-usage.html#tls-warnings
  warnings.warn(
/Users/kushalshah/Documents/DocX/HealthcareAccountabilityProject/venv/lib/python3.13/site-packages/urllib3/connectionpool.py:1097: InsecureRequestWarning: Unverified HTTPS request is being made to host 'data.ontario.ca'. Adding certificate verification is strongly advised. See: https://urllib3.readthedocs.io/en/latest/advanced-usage.html#tls-warnings
  warnings.warn(
/Users/kushalshah/Documents/DocX/HealthcareAccountabilityProject/venv/lib/python3.13/site-packages/urllib3/connectionpool.py:1097: InsecureRequestWarning: Unverified HTTPS request is being made to host 'data.ontario.ca'. Adding certificate verification is strongly advised. See: https://urllib3.readthedocs.io/en/latest/advanced-usage.html#tls-warnings
  warnings.warn(
/Users/kushalshah/Documents/DocX/HealthcareAccountabilityProject/venv/lib/python3.13/site-packages/urllib3/connectionpool.py:1097: InsecureRequestWarning: Unverified HTTPS request is being made to host 'data.ontario.ca'. Adding certificate verification is strongly advised. See: https://urllib3.readthedocs.io/en/latest/advanced-usage.html#tls-warnings
  warnings.warn(
/Users/kushalshah/Documents/DocX/HealthcareAccountabilityProject/venv/lib/python3.13/site-packages/urllib3/connectionpool.py:1097: InsecureRequestWarning: Unverified HTTPS request is being made to host 'data.ontario.ca'. Adding certificate verification is strongly advised. See: https://urllib3.readthedocs.io/en/latest/advanced-usage.html#tls-warnings
  warnings.warn(
/Users/kushalshah/Documents/DocX/HealthcareAccountabilityProject/venv/lib/python3.13/site-packages/urllib3/connectionpool.py:1097: InsecureRequestWarning: Unverified HTTPS request is being made to host 'data.ontario.ca'. Adding certificate verification is strongly advised. See: https://urllib3.readthedocs.io/en/latest/advanced-usage.html#tls-warnings
  warnings.warn(
🚀 Starting Historical Data Ingestion (2014-2023)...
📥 Found MAIN Dataset for 2015: All sectors and seconded employees 2015
   URL: https://data.ontario.ca/dataset/2497ad2d-2b9f-4554-857b-a57639c01dee/resource/5ae5fd45-b482-4f65-be9f-f5f0e113db26/download/en-2015-pssd-compendium-with-addendum.csv
   ⚠️  Data for 2015 already exists. Deleting older records to re-ingest full dataset...
      Deleted old records for 2015.
   Processing 115920 records for 2015...
   ✅ Successfully ingested 2015 data.
📥 Found MAIN Dataset for 2020: All sectors and seconded employees 2020
   URL: https://data.ontario.ca/dataset/f4fbffef-aed0-404f-8e77-da8eb9cdea1e/resource/23172a73-7b85-49bd-9064-d600d2b21d37/download/en-2020-pssd-compendium.csv
   ⚠️  Data for 2020 already exists. Deleting older records to re-ingest full dataset...
      Deleted old records for 2020.
   Processing 205855 records for 2020...
   ✅ Successfully ingested 2020 data.
📥 Found MAIN Dataset for 2018: All sectors and seconded employees 2018
   URL: https://data.ontario.ca/dataset/90bf08b0-d2c6-42e7-8888-02cb43b6d532/resource/761dd087-27b2-4953-bfba-2fe4dff99c2c/download/en-2018-pssd-compendium.csv
   ⚠️  Data for 2018 already exists. Deleting older records to re-ingest full dataset...
      Deleted old records for 2018.
   Processing 151375 records for 2018...
   ✅ Successfully ingested 2018 data.
📥 Found MAIN Dataset for 2017: All sectors and seconded employees 2017
   URL: https://data.ontario.ca/dataset/4f347400-1469-494b-9523-3d9de65dc3f5/resource/b1076b41-7c66-473b-80a1-5e88d93002c6/download/en-2017-pssd-compendium.csv
   ⚠️  Data for 2017 already exists. Deleting older records to re-ingest full dataset...
      Deleted old records for 2017.
   Processing 131909 records for 2017...
   ✅ Successfully ingested 2017 data.
📥 Found MAIN Dataset for 2016: All sectors and seconded employees 2016
   URL: https://data.ontario.ca/dataset/3ce78e78-29e0-4893-bb8d-ef4d48bdf54d/resource/5d60e933-99eb-48f1-b62f-dd57ada57621/download/en-2016-pssd-compendium.csv
   ⚠️  Data for 2016 already exists. Deleting older records to re-ingest full dataset...
      Deleted old records for 2016.
   Processing 124445 records for 2016...
   ✅ Successfully ingested 2016 data.
📥 Found MAIN Dataset for 2019: All sectors and seconded employees 2019
   URL: https://data.ontario.ca/dataset/3cc8129f-377a-4377-85b2-bedc83a75de9/resource/42130f2c-ed1e-4e19-96c1-c4048e4e86c9/download/en-2019-pssd-compendium.csv
   ⚠️  Data for 2019 already exists. Deleting older records to re-ingest full dataset...
      Deleted old records for 2019.
   Processing 167098 records for 2019...
   ✅ Successfully ingested 2019 data.
📥 Found MAIN Dataset for 2014: All sectors and seconded employees 2014
   URL: https://data.ontario.ca/dataset/958049ee-8985-4e8a-a8f2-63ad6c4862ac/resource/4cad572d-14c0-4273-91c2-3dcea0eb89c8/download/en-2014-pssd-full-compendium.csv
   ⚠️  Data for 2014 already exists. Deleting older records to re-ingest full dataset...
      Deleted old records for 2014.
   Processing 111655 records for 2014...
   ✅ Successfully ingested 2014 data.
